[2025-11-26T04:45:17.604+0000] {manager.py:470} INFO - Processing files using up to 1 processes at a time 
[2025-11-26T04:45:17.606+0000] {manager.py:471} INFO - Process each file at most once every 30 seconds
[2025-11-26T04:45:17.607+0000] {manager.py:472} INFO - Checking for new files in /opt/airflow/dags every 300 seconds
[2025-11-26T04:45:17.609+0000] {manager.py:737} INFO - Searching for files in /opt/airflow/dags
[2025-11-26T04:45:17.630+0000] {manager.py:740} INFO - There are 2 files in /opt/airflow/dags
[2025-11-26T04:45:18.550+0000] {manager.py:878} INFO - 
================================================================================
DAG File Processing Stats

File Path                                 PID    Runtime      # DAGs    # Errors  Last Runtime    Last Run
----------------------------------------  -----  ---------  --------  ----------  --------------  -------------------
/opt/airflow/dags/dag_insert_products.py                           0           1  0.55s           2025-11-26T04:45:18
/opt/airflow/dags/dag_insert_users.py                              0           0
================================================================================
[2025-11-26T04:45:47.999+0000] {manager.py:878} INFO - 
================================================================================
DAG File Processing Stats

File Path                                 PID    Runtime      # DAGs    # Errors  Last Runtime    Last Run
----------------------------------------  -----  ---------  --------  ----------  --------------  -------------------
/opt/airflow/dags/dag_insert_products.py                           0           1  0.55s           2025-11-26T04:45:18
/opt/airflow/dags/dag_insert_users.py                              0           1  0.54s           2025-11-26T04:45:20
================================================================================
[2025-11-26T04:46:16.932+0000] {manager.py:878} INFO - 
================================================================================
DAG File Processing Stats

File Path                                 PID    Runtime      # DAGs    # Errors  Last Runtime    Last Run
----------------------------------------  -----  ---------  --------  ----------  --------------  -------------------
/opt/airflow/dags/dag_insert_products.py                           0           1  0.32s           2025-11-26T04:45:49
/opt/airflow/dags/dag_insert_users.py                              0           1  0.31s           2025-11-26T04:45:50
================================================================================
[2025-11-26T04:46:45.979+0000] {manager.py:878} INFO - 
================================================================================
DAG File Processing Stats

File Path                                 PID    Runtime      # DAGs    # Errors  Last Runtime    Last Run
----------------------------------------  -----  ---------  --------  ----------  --------------  -------------------
/opt/airflow/dags/dag_insert_products.py                           0           1  0.22s           2025-11-26T04:46:20
/opt/airflow/dags/dag_insert_users.py                              0           1  0.11s           2025-11-26T04:46:21
================================================================================
[2025-11-26T04:47:14.982+0000] {manager.py:878} INFO - 
================================================================================
DAG File Processing Stats

File Path                                 PID    Runtime      # DAGs    # Errors  Last Runtime    Last Run
----------------------------------------  -----  ---------  --------  ----------  --------------  -------------------
/opt/airflow/dags/dag_insert_users.py                              0           1  0.23s           2025-11-26T04:46:52
/opt/airflow/dags/dag_insert_products.py                           0           1  0.11s           2025-11-26T04:46:51
================================================================================
[2025-11-26T04:47:43.954+0000] {manager.py:878} INFO - 
================================================================================
DAG File Processing Stats

File Path                                 PID    Runtime      # DAGs    # Errors  Last Runtime    Last Run
----------------------------------------  -----  ---------  --------  ----------  --------------  -------------------
/opt/airflow/dags/dag_insert_users.py                              0           1  0.11s           2025-11-26T04:47:23
/opt/airflow/dags/dag_insert_products.py                           0           1  0.11s           2025-11-26T04:47:22
================================================================================
[2025-11-26T04:48:13.202+0000] {manager.py:878} INFO - 
================================================================================
DAG File Processing Stats

File Path                                 PID    Runtime      # DAGs    # Errors  Last Runtime    Last Run
----------------------------------------  -----  ---------  --------  ----------  --------------  -------------------
/opt/airflow/dags/dag_insert_products.py                           0           1  0.22s           2025-11-26T04:47:53
/opt/airflow/dags/dag_insert_users.py                              0           1  0.21s           2025-11-26T04:47:54
================================================================================
[2025-11-26T04:48:42.124+0000] {manager.py:878} INFO - 
================================================================================
DAG File Processing Stats

File Path                                 PID    Runtime      # DAGs    # Errors  Last Runtime    Last Run
----------------------------------------  -----  ---------  --------  ----------  --------------  -------------------
/opt/airflow/dags/dag_insert_products.py                           0           1  0.21s           2025-11-26T04:48:23
/opt/airflow/dags/dag_insert_users.py                              0           1  0.11s           2025-11-26T04:48:25
================================================================================
[2025-11-26T04:49:11.125+0000] {manager.py:878} INFO - 
================================================================================
DAG File Processing Stats

File Path                                 PID    Runtime      # DAGs    # Errors  Last Runtime    Last Run
----------------------------------------  -----  ---------  --------  ----------  --------------  -------------------
/opt/airflow/dags/dag_insert_products.py                           0           1  0.22s           2025-11-26T04:48:54
/opt/airflow/dags/dag_insert_users.py                              0           1  0.11s           2025-11-26T04:48:56
================================================================================
[2025-11-26T04:49:40.162+0000] {manager.py:878} INFO - 
================================================================================
DAG File Processing Stats

File Path                                 PID    Runtime      # DAGs    # Errors  Last Runtime    Last Run
----------------------------------------  -----  ---------  --------  ----------  --------------  -------------------
/opt/airflow/dags/dag_insert_products.py                           0           1  0.22s           2025-11-26T04:49:25
/opt/airflow/dags/dag_insert_users.py                              0           1  0.11s           2025-11-26T04:49:27
================================================================================
[2025-11-26T04:50:09.344+0000] {manager.py:878} INFO - 
================================================================================
DAG File Processing Stats

File Path                                 PID    Runtime      # DAGs    # Errors  Last Runtime    Last Run
----------------------------------------  -----  ---------  --------  ----------  --------------  -------------------
/opt/airflow/dags/dag_insert_users.py                              0           1  0.21s           2025-11-26T04:49:58
/opt/airflow/dags/dag_insert_products.py                           0           1  0.12s           2025-11-26T04:49:56
================================================================================
[2025-11-26T04:50:18.323+0000] {manager.py:737} INFO - Searching for files in /opt/airflow/dags
[2025-11-26T04:50:18.367+0000] {manager.py:740} INFO - There are 2 files in /opt/airflow/dags
[2025-11-26T04:50:38.253+0000] {manager.py:878} INFO - 
================================================================================
DAG File Processing Stats

File Path                                 PID    Runtime      # DAGs    # Errors  Last Runtime    Last Run
----------------------------------------  -----  ---------  --------  ----------  --------------  -------------------
/opt/airflow/dags/dag_insert_users.py                              0           1  0.12s           2025-11-26T04:50:29
/opt/airflow/dags/dag_insert_products.py                           0           1  0.11s           2025-11-26T04:50:27
================================================================================
[2025-11-26T04:51:07.239+0000] {manager.py:878} INFO - 
================================================================================
DAG File Processing Stats

File Path                                 PID    Runtime      # DAGs    # Errors  Last Runtime    Last Run
----------------------------------------  -----  ---------  --------  ----------  --------------  -------------------
/opt/airflow/dags/dag_insert_products.py                           0           1  0.12s           2025-11-26T04:50:58
/opt/airflow/dags/dag_insert_users.py                              0           1  0.11s           2025-11-26T04:51:00
================================================================================
[2025-11-26T04:51:36.285+0000] {manager.py:878} INFO - 
================================================================================
DAG File Processing Stats

File Path                                 PID    Runtime      # DAGs    # Errors  Last Runtime    Last Run
----------------------------------------  -----  ---------  --------  ----------  --------------  -------------------
/opt/airflow/dags/dag_insert_products.py                           0           1  0.11s           2025-11-26T04:51:29
/opt/airflow/dags/dag_insert_users.py                              0           1  0.11s           2025-11-26T04:51:31
================================================================================
[2025-11-26T04:52:05.267+0000] {manager.py:878} INFO - 
================================================================================
DAG File Processing Stats

File Path                                 PID    Runtime      # DAGs    # Errors  Last Runtime    Last Run
----------------------------------------  -----  ---------  --------  ----------  --------------  -------------------
/opt/airflow/dags/dag_insert_products.py                           0           1  0.12s           2025-11-26T04:52:00
/opt/airflow/dags/dag_insert_users.py                              0           1  0.11s           2025-11-26T04:52:02
================================================================================
[2025-11-26T04:52:34.538+0000] {manager.py:878} INFO - 
================================================================================
DAG File Processing Stats

File Path                                 PID    Runtime      # DAGs    # Errors  Last Runtime    Last Run
----------------------------------------  -----  ---------  --------  ----------  --------------  -------------------
/opt/airflow/dags/dag_insert_users.py                              0           1  0.21s           2025-11-26T04:52:33
/opt/airflow/dags/dag_insert_products.py                           0           1  0.11s           2025-11-26T04:52:31
================================================================================
[2025-11-26T04:53:03.719+0000] {manager.py:878} INFO - 
================================================================================
DAG File Processing Stats

File Path                                 PID    Runtime      # DAGs    # Errors  Last Runtime    Last Run
----------------------------------------  -----  ---------  --------  ----------  --------------  -------------------
/opt/airflow/dags/dag_insert_products.py                           0           1  0.11s           2025-11-26T04:53:02
/opt/airflow/dags/dag_insert_users.py                              0           1  0.11s           2025-11-26T04:53:03
================================================================================
[2025-11-26T04:53:32.687+0000] {manager.py:878} INFO - 
================================================================================
DAG File Processing Stats

File Path                                 PID    Runtime      # DAGs    # Errors  Last Runtime    Last Run
----------------------------------------  -----  ---------  --------  ----------  --------------  -------------------
/opt/airflow/dags/dag_insert_users.py                              0           1  0.11s           2025-11-26T04:53:03
/opt/airflow/dags/dag_insert_products.py                           0           1  0.11s           2025-11-26T04:53:32
================================================================================
[2025-11-26T04:54:01.687+0000] {manager.py:878} INFO - 
================================================================================
DAG File Processing Stats

File Path                                 PID    Runtime      # DAGs    # Errors  Last Runtime    Last Run
----------------------------------------  -----  ---------  --------  ----------  --------------  -------------------
/opt/airflow/dags/dag_insert_products.py                           0           1  0.11s           2025-11-26T04:53:32
/opt/airflow/dags/dag_insert_users.py                              0           1  0.11s           2025-11-26T04:53:33
================================================================================
[2025-11-26T04:54:30.726+0000] {manager.py:878} INFO - 
================================================================================
DAG File Processing Stats

File Path                                 PID    Runtime      # DAGs    # Errors  Last Runtime    Last Run
----------------------------------------  -----  ---------  --------  ----------  --------------  -------------------
/opt/airflow/dags/dag_insert_users.py                              0           1  0.22s           2025-11-26T04:54:04
/opt/airflow/dags/dag_insert_products.py                           0           1  0.21s           2025-11-26T04:54:03
================================================================================
[2025-11-26T04:54:59.858+0000] {manager.py:878} INFO - 
================================================================================
DAG File Processing Stats

File Path                                 PID    Runtime      # DAGs    # Errors  Last Runtime    Last Run
----------------------------------------  -----  ---------  --------  ----------  --------------  -------------------
/opt/airflow/dags/dag_insert_products.py                           0           1  0.12s           2025-11-26T04:54:34
/opt/airflow/dags/dag_insert_users.py                              0           1  0.11s           2025-11-26T04:54:34
================================================================================
[2025-11-26T05:02:25.294+0000] {manager.py:737} INFO - Searching for files in /opt/airflow/dags
[2025-11-26T05:02:25.458+0000] {manager.py:740} INFO - There are 2 files in /opt/airflow/dags
[2025-11-26T05:02:47.871+0000] {manager.py:878} INFO - 
================================================================================
DAG File Processing Stats

File Path                                 PID    Runtime      # DAGs    # Errors  Last Runtime    Last Run
----------------------------------------  -----  ---------  --------  ----------  --------------  -------------------
/opt/airflow/dags/dag_insert_products.py                           0           1  1.03s           2025-11-26T05:02:26
/opt/airflow/dags/dag_insert_users.py                              0           1  0.22s           2025-11-26T05:02:27
================================================================================
[2025-11-26T05:03:16.992+0000] {manager.py:878} INFO - 
================================================================================
DAG File Processing Stats

File Path                                 PID    Runtime      # DAGs    # Errors  Last Runtime    Last Run
----------------------------------------  -----  ---------  --------  ----------  --------------  -------------------
/opt/airflow/dags/dag_insert_products.py                           0           1  0.21s           2025-11-26T05:02:56
/opt/airflow/dags/dag_insert_users.py                              0           1  0.10s           2025-11-26T05:02:58
================================================================================
[2025-11-26T05:03:46.665+0000] {manager.py:878} INFO - 
================================================================================
DAG File Processing Stats

File Path                                 PID    Runtime      # DAGs    # Errors  Last Runtime    Last Run
----------------------------------------  -----  ---------  --------  ----------  --------------  -------------------
/opt/airflow/dags/dag_insert_users.py                              0           1  0.12s           2025-11-26T05:03:29
/opt/airflow/dags/dag_insert_products.py                           0           1  0.11s           2025-11-26T05:03:27
================================================================================
[2025-11-26T05:04:16.514+0000] {manager.py:878} INFO - 
================================================================================
DAG File Processing Stats

File Path                                 PID    Runtime      # DAGs    # Errors  Last Runtime    Last Run
----------------------------------------  -----  ---------  --------  ----------  --------------  -------------------
/opt/airflow/dags/dag_insert_products.py                           0           1  0.21s           2025-11-26T05:03:58
/opt/airflow/dags/dag_insert_users.py                              0           1  0.11s           2025-11-26T05:04:00
================================================================================
[2025-11-26T05:04:46.359+0000] {manager.py:878} INFO - 
================================================================================
DAG File Processing Stats

File Path                                 PID    Runtime      # DAGs    # Errors  Last Runtime    Last Run
----------------------------------------  -----  ---------  --------  ----------  --------------  -------------------
/opt/airflow/dags/dag_insert_products.py                           0           1  0.14s           2025-11-26T05:04:29
/opt/airflow/dags/dag_insert_users.py                              0           1  0.11s           2025-11-26T05:04:31
================================================================================
[2025-11-26T05:05:16.356+0000] {manager.py:878} INFO - 
================================================================================
DAG File Processing Stats

File Path                                 PID    Runtime      # DAGs    # Errors  Last Runtime    Last Run
----------------------------------------  -----  ---------  --------  ----------  --------------  -------------------
/opt/airflow/dags/dag_insert_users.py                              0           1  0.21s           2025-11-26T05:05:02
/opt/airflow/dags/dag_insert_products.py                           0           1  0.21s           2025-11-26T05:05:00
================================================================================
[2025-11-26T05:05:46.152+0000] {manager.py:878} INFO - 
================================================================================
DAG File Processing Stats

File Path                                 PID    Runtime      # DAGs    # Errors  Last Runtime    Last Run
----------------------------------------  -----  ---------  --------  ----------  --------------  -------------------
/opt/airflow/dags/dag_insert_users.py                              0           1  0.22s           2025-11-26T05:05:33
/opt/airflow/dags/dag_insert_products.py                           0           1  0.22s           2025-11-26T05:05:31
================================================================================
[2025-11-26T05:06:16.074+0000] {manager.py:878} INFO - 
================================================================================
DAG File Processing Stats

File Path                                 PID    Runtime      # DAGs    # Errors  Last Runtime    Last Run
----------------------------------------  -----  ---------  --------  ----------  --------------  -------------------
/opt/airflow/dags/dag_insert_products.py                           0           1  0.21s           2025-11-26T05:06:02
/opt/airflow/dags/dag_insert_users.py                              0           1  0.21s           2025-11-26T05:06:03
================================================================================
[2025-11-26T05:06:45.940+0000] {manager.py:878} INFO - 
================================================================================
DAG File Processing Stats

File Path                                 PID    Runtime      # DAGs    # Errors  Last Runtime    Last Run
----------------------------------------  -----  ---------  --------  ----------  --------------  -------------------
/opt/airflow/dags/dag_insert_products.py                           0           1  0.13s           2025-11-26T05:06:32
/opt/airflow/dags/dag_insert_users.py                              0           1  0.12s           2025-11-26T05:06:34
================================================================================
[2025-11-26T05:07:16.010+0000] {manager.py:878} INFO - 
================================================================================
DAG File Processing Stats

File Path                                 PID    Runtime      # DAGs    # Errors  Last Runtime    Last Run
----------------------------------------  -----  ---------  --------  ----------  --------------  -------------------
/opt/airflow/dags/dag_insert_users.py                              0           1  0.32s           2025-11-26T05:07:04
/opt/airflow/dags/dag_insert_products.py                           0           1  0.21s           2025-11-26T05:07:04
================================================================================
[2025-11-26T05:07:25.566+0000] {manager.py:737} INFO - Searching for files in /opt/airflow/dags
[2025-11-26T05:07:25.683+0000] {manager.py:740} INFO - There are 2 files in /opt/airflow/dags
[2025-11-26T05:07:46.010+0000] {manager.py:878} INFO - 
================================================================================
DAG File Processing Stats

File Path                                 PID    Runtime      # DAGs    # Errors  Last Runtime    Last Run
----------------------------------------  -----  ---------  --------  ----------  --------------  -------------------
/opt/airflow/dags/dag_insert_products.py                           0           1  0.21s           2025-11-26T05:07:34
/opt/airflow/dags/dag_insert_users.py                              0           1  0.10s           2025-11-26T05:07:36
================================================================================
[2025-11-26T05:08:15.862+0000] {manager.py:878} INFO - 
================================================================================
DAG File Processing Stats

File Path                                 PID    Runtime      # DAGs    # Errors  Last Runtime    Last Run
----------------------------------------  -----  ---------  --------  ----------  --------------  -------------------
/opt/airflow/dags/dag_insert_users.py                              0           1  0.21s           2025-11-26T05:08:06
/opt/airflow/dags/dag_insert_products.py                           0           1  0.15s           2025-11-26T05:08:05
================================================================================
[2025-11-26T05:08:45.529+0000] {manager.py:878} INFO - 
================================================================================
DAG File Processing Stats

File Path                                 PID    Runtime      # DAGs    # Errors  Last Runtime    Last Run
----------------------------------------  -----  ---------  --------  ----------  --------------  -------------------
/opt/airflow/dags/dag_insert_users.py                              0           1  0.11s           2025-11-26T05:08:37
/opt/airflow/dags/dag_insert_products.py                           0           1  0.11s           2025-11-26T05:08:36
================================================================================
[2025-11-26T05:09:15.410+0000] {manager.py:878} INFO - 
================================================================================
DAG File Processing Stats

File Path                                 PID    Runtime      # DAGs    # Errors  Last Runtime    Last Run
----------------------------------------  -----  ---------  --------  ----------  --------------  -------------------
/opt/airflow/dags/dag_insert_users.py                              0           1  0.21s           2025-11-26T05:09:08
/opt/airflow/dags/dag_insert_products.py                           0           1  0.11s           2025-11-26T05:09:07
================================================================================
[2025-11-26T05:09:45.438+0000] {manager.py:878} INFO - 
================================================================================
DAG File Processing Stats

File Path                                 PID    Runtime      # DAGs    # Errors  Last Runtime    Last Run
----------------------------------------  -----  ---------  --------  ----------  --------------  -------------------
/opt/airflow/dags/dag_insert_users.py                              0           1  0.21s           2025-11-26T05:09:39
/opt/airflow/dags/dag_insert_products.py                           0           1  0.11s           2025-11-26T05:09:38
================================================================================
[2025-11-26T05:10:15.425+0000] {manager.py:878} INFO - 
================================================================================
DAG File Processing Stats

File Path                                 PID    Runtime      # DAGs    # Errors  Last Runtime    Last Run
----------------------------------------  -----  ---------  --------  ----------  --------------  -------------------
/opt/airflow/dags/dag_insert_products.py                           0           1  0.21s           2025-11-26T05:10:08
/opt/airflow/dags/dag_insert_users.py                              0           1  0.11s           2025-11-26T05:10:10
================================================================================
[2025-11-26T05:10:45.205+0000] {manager.py:878} INFO - 
================================================================================
DAG File Processing Stats

File Path                                 PID    Runtime      # DAGs    # Errors  Last Runtime    Last Run
----------------------------------------  -----  ---------  --------  ----------  --------------  -------------------
/opt/airflow/dags/dag_insert_users.py                              0           1  0.21s           2025-11-26T05:10:41
/opt/airflow/dags/dag_insert_products.py                           0           1  0.11s           2025-11-26T05:10:39
================================================================================
[2025-11-26T05:11:14.792+0000] {manager.py:878} INFO - 
================================================================================
DAG File Processing Stats

File Path                                 PID    Runtime      # DAGs    # Errors  Last Runtime    Last Run
----------------------------------------  -----  ---------  --------  ----------  --------------  -------------------
/opt/airflow/dags/dag_insert_products.py                           0           1  0.22s           2025-11-26T05:11:10
/opt/airflow/dags/dag_insert_users.py                              0           1  0.22s           2025-11-26T05:11:12
================================================================================
[2025-11-26T05:11:44.386+0000] {manager.py:878} INFO - 
================================================================================
DAG File Processing Stats

File Path                                 PID    Runtime      # DAGs    # Errors  Last Runtime    Last Run
----------------------------------------  -----  ---------  --------  ----------  --------------  -------------------
/opt/airflow/dags/dag_insert_products.py                           0           1  0.21s           2025-11-26T05:11:41
/opt/airflow/dags/dag_insert_users.py                              0           1  0.11s           2025-11-26T05:11:43
================================================================================
[2025-11-26T05:12:14.068+0000] {manager.py:878} INFO - 
================================================================================
DAG File Processing Stats

File Path                                 PID    Runtime      # DAGs    # Errors  Last Runtime    Last Run
----------------------------------------  -----  ---------  --------  ----------  --------------  -------------------
/opt/airflow/dags/dag_insert_products.py                           0           1  0.22s           2025-11-26T05:12:12
/opt/airflow/dags/dag_insert_users.py                              0           1  0.21s           2025-11-26T05:12:14
================================================================================
[2025-11-26T05:12:25.759+0000] {manager.py:737} INFO - Searching for files in /opt/airflow/dags
[2025-11-26T05:12:25.809+0000] {manager.py:740} INFO - There are 2 files in /opt/airflow/dags
[2025-11-26T05:12:43.721+0000] {manager.py:878} INFO - 
================================================================================
DAG File Processing Stats

File Path                                 PID    Runtime      # DAGs    # Errors  Last Runtime    Last Run
----------------------------------------  -----  ---------  --------  ----------  --------------  -------------------
/opt/airflow/dags/dag_insert_products.py                           0           1  0.22s           2025-11-26T05:12:43
/opt/airflow/dags/dag_insert_users.py                              0           1  0.21s           2025-11-26T05:12:14
================================================================================
[2025-11-26T05:13:13.779+0000] {manager.py:878} INFO - 
================================================================================
DAG File Processing Stats

File Path                                 PID    Runtime      # DAGs    # Errors  Last Runtime    Last Run
----------------------------------------  -----  ---------  --------  ----------  --------------  -------------------
/opt/airflow/dags/dag_insert_users.py                              0           1  0.21s           2025-11-26T05:12:45
/opt/airflow/dags/dag_insert_products.py                           0           1  0.11s           2025-11-26T05:13:13
================================================================================
[2025-11-26T05:13:43.495+0000] {manager.py:878} INFO - 
================================================================================
DAG File Processing Stats

File Path                                 PID    Runtime      # DAGs    # Errors  Last Runtime    Last Run
----------------------------------------  -----  ---------  --------  ----------  --------------  -------------------
/opt/airflow/dags/dag_insert_products.py                           0           1  0.11s           2025-11-26T05:13:13
/opt/airflow/dags/dag_insert_users.py                              0           1  0.11s           2025-11-26T05:13:15
================================================================================
[2025-11-26T05:14:13.447+0000] {manager.py:878} INFO - 
================================================================================
DAG File Processing Stats

File Path                                 PID    Runtime      # DAGs    # Errors  Last Runtime    Last Run
----------------------------------------  -----  ---------  --------  ----------  --------------  -------------------
/opt/airflow/dags/dag_insert_users.py                              0           1  0.21s           2025-11-26T05:13:46
/opt/airflow/dags/dag_insert_products.py                           0           1  0.11s           2025-11-26T05:13:44
================================================================================
[2025-11-26T05:14:43.296+0000] {manager.py:878} INFO - 
================================================================================
DAG File Processing Stats

File Path                                 PID    Runtime      # DAGs    # Errors  Last Runtime    Last Run
----------------------------------------  -----  ---------  --------  ----------  --------------  -------------------
/opt/airflow/dags/dag_insert_users.py                              0           1  0.21s           2025-11-26T05:14:16
/opt/airflow/dags/dag_insert_products.py                           0           1  0.11s           2025-11-26T05:14:14
================================================================================
[2025-11-26T05:15:13.187+0000] {manager.py:878} INFO - 
================================================================================
DAG File Processing Stats

File Path                                 PID    Runtime      # DAGs    # Errors  Last Runtime    Last Run
----------------------------------------  -----  ---------  --------  ----------  --------------  -------------------
/opt/airflow/dags/dag_insert_users.py                              0           1  0.22s           2025-11-26T05:14:47
/opt/airflow/dags/dag_insert_products.py                           0           1  0.21s           2025-11-26T05:14:45
================================================================================
[2025-11-26T05:15:43.038+0000] {manager.py:878} INFO - 
================================================================================
DAG File Processing Stats

File Path                                 PID    Runtime      # DAGs    # Errors  Last Runtime    Last Run
----------------------------------------  -----  ---------  --------  ----------  --------------  -------------------
/opt/airflow/dags/dag_insert_users.py                              0           1  0.22s           2025-11-26T05:15:18
/opt/airflow/dags/dag_insert_products.py                           0           1  0.12s           2025-11-26T05:15:16
================================================================================
[2025-11-26T05:16:12.906+0000] {manager.py:878} INFO - 
================================================================================
DAG File Processing Stats

File Path                                 PID    Runtime      # DAGs    # Errors  Last Runtime    Last Run
----------------------------------------  -----  ---------  --------  ----------  --------------  -------------------
/opt/airflow/dags/dag_insert_products.py                           0           1  0.21s           2025-11-26T05:15:47
/opt/airflow/dags/dag_insert_users.py                              0           1  0.11s           2025-11-26T05:15:49
================================================================================
[2025-11-26T05:16:42.811+0000] {manager.py:878} INFO - 
================================================================================
DAG File Processing Stats

File Path                                 PID    Runtime      # DAGs    # Errors  Last Runtime    Last Run
----------------------------------------  -----  ---------  --------  ----------  --------------  -------------------
/opt/airflow/dags/dag_insert_users.py                              0           1  0.11s           2025-11-26T05:16:19
/opt/airflow/dags/dag_insert_products.py                           0           1  0.11s           2025-11-26T05:16:18
================================================================================
[2025-11-26T05:17:12.739+0000] {manager.py:878} INFO - 
================================================================================
DAG File Processing Stats

File Path                                 PID    Runtime      # DAGs    # Errors  Last Runtime    Last Run
----------------------------------------  -----  ---------  --------  ----------  --------------  -------------------
/opt/airflow/dags/dag_insert_products.py                           0           1  0.21s           2025-11-26T05:16:49
/opt/airflow/dags/dag_insert_users.py                              0           1  0.12s           2025-11-26T05:16:50
================================================================================
[2025-11-26T05:17:26.277+0000] {manager.py:737} INFO - Searching for files in /opt/airflow/dags
[2025-11-26T05:17:26.337+0000] {manager.py:740} INFO - There are 2 files in /opt/airflow/dags
[2025-11-26T05:17:42.581+0000] {manager.py:878} INFO - 
================================================================================
DAG File Processing Stats

File Path                                 PID    Runtime      # DAGs    # Errors  Last Runtime    Last Run
----------------------------------------  -----  ---------  --------  ----------  --------------  -------------------
/opt/airflow/dags/dag_insert_products.py                           0           1  0.12s           2025-11-26T05:17:20
/opt/airflow/dags/dag_insert_users.py                              0           1  0.11s           2025-11-26T05:17:21
================================================================================
[2025-11-26T05:18:12.404+0000] {manager.py:878} INFO - 
================================================================================
DAG File Processing Stats

File Path                                 PID    Runtime      # DAGs    # Errors  Last Runtime    Last Run
----------------------------------------  -----  ---------  --------  ----------  --------------  -------------------
/opt/airflow/dags/dag_insert_products.py                           0           1  0.21s           2025-11-26T05:17:50
/opt/airflow/dags/dag_insert_users.py                              0           1  0.21s           2025-11-26T05:17:51
================================================================================
[2025-11-26T05:18:42.345+0000] {manager.py:878} INFO - 
================================================================================
DAG File Processing Stats

File Path                                 PID    Runtime      # DAGs    # Errors  Last Runtime    Last Run
----------------------------------------  -----  ---------  --------  ----------  --------------  -------------------
/opt/airflow/dags/dag_insert_products.py                           0           1  0.21s           2025-11-26T05:18:20
/opt/airflow/dags/dag_insert_users.py                              0           1  0.21s           2025-11-26T05:18:22
================================================================================
[2025-11-26T05:19:12.287+0000] {manager.py:878} INFO - 
================================================================================
DAG File Processing Stats

File Path                                 PID    Runtime      # DAGs    # Errors  Last Runtime    Last Run
----------------------------------------  -----  ---------  --------  ----------  --------------  -------------------
/opt/airflow/dags/dag_insert_products.py                           0           1  0.21s           2025-11-26T05:18:51
/opt/airflow/dags/dag_insert_users.py                              0           1  0.11s           2025-11-26T05:18:52
================================================================================
[2025-11-26T05:19:42.281+0000] {manager.py:878} INFO - 
================================================================================
DAG File Processing Stats

File Path                                 PID    Runtime      # DAGs    # Errors  Last Runtime    Last Run
----------------------------------------  -----  ---------  --------  ----------  --------------  -------------------
/opt/airflow/dags/dag_insert_users.py                              0           1  0.21s           2025-11-26T05:19:23
/opt/airflow/dags/dag_insert_products.py                           0           1  0.11s           2025-11-26T05:19:21
================================================================================
[2025-11-26T05:20:12.157+0000] {manager.py:878} INFO - 
================================================================================
DAG File Processing Stats

File Path                                 PID    Runtime      # DAGs    # Errors  Last Runtime    Last Run
----------------------------------------  -----  ---------  --------  ----------  --------------  -------------------
/opt/airflow/dags/dag_insert_products.py                           0           1  0.21s           2025-11-26T05:19:51
/opt/airflow/dags/dag_insert_users.py                              0           1  0.11s           2025-11-26T05:19:54
================================================================================
[2025-11-26T05:20:42.003+0000] {manager.py:878} INFO - 
================================================================================
DAG File Processing Stats

File Path                                 PID    Runtime      # DAGs    # Errors  Last Runtime    Last Run
----------------------------------------  -----  ---------  --------  ----------  --------------  -------------------
/opt/airflow/dags/dag_insert_products.py                           0           1  0.22s           2025-11-26T05:20:22
/opt/airflow/dags/dag_insert_users.py                              0           1  0.11s           2025-11-26T05:20:25
================================================================================
[2025-11-26T05:21:11.924+0000] {manager.py:878} INFO - 
================================================================================
DAG File Processing Stats

File Path                                 PID    Runtime      # DAGs    # Errors  Last Runtime    Last Run
----------------------------------------  -----  ---------  --------  ----------  --------------  -------------------
/opt/airflow/dags/dag_insert_users.py                              0           1  0.21s           2025-11-26T05:20:56
/opt/airflow/dags/dag_insert_products.py                           0           1  0.21s           2025-11-26T05:20:52
================================================================================
[2025-11-26T06:28:11.048+0000] {manager.py:737} INFO - Searching for files in /opt/airflow/dags
[2025-11-26T06:28:12.161+0000] {manager.py:740} INFO - There are 2 files in /opt/airflow/dags
[2025-11-26T06:28:16.030+0000] {manager.py:878} INFO - 
================================================================================
DAG File Processing Stats

File Path                                 PID    Runtime      # DAGs    # Errors  Last Runtime    Last Run
----------------------------------------  -----  ---------  --------  ----------  --------------  -------------------
/opt/airflow/dags/dag_insert_products.py                           0           1  1.32s           2025-11-26T06:28:13
/opt/airflow/dags/dag_insert_users.py                              0           1  0.72s           2025-11-26T06:28:15
================================================================================
[2025-11-26T06:28:45.591+0000] {manager.py:878} INFO - 
================================================================================
DAG File Processing Stats

File Path                                 PID    Runtime      # DAGs    # Errors  Last Runtime    Last Run
----------------------------------------  -----  ---------  --------  ----------  --------------  -------------------
/opt/airflow/dags/dag_insert_users.py                              0           1  0.72s           2025-11-26T06:28:15
/opt/airflow/dags/dag_insert_products.py                           0           1  0.11s           2025-11-26T06:28:44
================================================================================
[2025-11-26T06:29:15.056+0000] {manager.py:878} INFO - 
================================================================================
DAG File Processing Stats

File Path                                 PID    Runtime      # DAGs    # Errors  Last Runtime    Last Run
----------------------------------------  -----  ---------  --------  ----------  --------------  -------------------
/opt/airflow/dags/dag_insert_products.py                           0           1  0.21s           2025-11-26T06:29:15
/opt/airflow/dags/dag_insert_users.py                              0           1  0.21s           2025-11-26T06:28:46
================================================================================
[2025-11-26T06:29:44.394+0000] {manager.py:878} INFO - 
================================================================================
DAG File Processing Stats

File Path                                 PID    Runtime      # DAGs    # Errors  Last Runtime    Last Run
----------------------------------------  -----  ---------  --------  ----------  --------------  -------------------
/opt/airflow/dags/dag_insert_products.py                           0           1  0.21s           2025-11-26T06:29:15
/opt/airflow/dags/dag_insert_users.py                              0           1  0.10s           2025-11-26T06:29:17
================================================================================
[2025-11-26T06:30:13.822+0000] {manager.py:878} INFO - 
================================================================================
DAG File Processing Stats

File Path                                 PID    Runtime      # DAGs    # Errors  Last Runtime    Last Run
----------------------------------------  -----  ---------  --------  ----------  --------------  -------------------
/opt/airflow/dags/dag_insert_products.py                           0           1  0.11s           2025-11-26T06:29:45
/opt/airflow/dags/dag_insert_users.py                              0           1  0.11s           2025-11-26T06:29:47
================================================================================
[2025-11-26T06:30:43.094+0000] {manager.py:878} INFO - 
================================================================================
DAG File Processing Stats

File Path                                 PID    Runtime      # DAGs    # Errors  Last Runtime    Last Run
----------------------------------------  -----  ---------  --------  ----------  --------------  -------------------
/opt/airflow/dags/dag_insert_products.py                           0           1  0.32s           2025-11-26T06:30:16
/opt/airflow/dags/dag_insert_users.py                              0           1  0.11s           2025-11-26T06:30:18
================================================================================
[2025-11-26T06:31:12.484+0000] {manager.py:878} INFO - 
================================================================================
DAG File Processing Stats

File Path                                 PID    Runtime      # DAGs    # Errors  Last Runtime    Last Run
----------------------------------------  -----  ---------  --------  ----------  --------------  -------------------
/opt/airflow/dags/dag_insert_products.py                           0           1  0.41s           2025-11-26T06:30:46
/opt/airflow/dags/dag_insert_users.py                              0           1  0.21s           2025-11-26T06:30:49
================================================================================
[2025-11-26T06:31:41.833+0000] {manager.py:878} INFO - 
================================================================================
DAG File Processing Stats

File Path                                 PID    Runtime      # DAGs    # Errors  Last Runtime    Last Run
----------------------------------------  -----  ---------  --------  ----------  --------------  -------------------
/opt/airflow/dags/dag_insert_products.py                           0           1  0.21s           2025-11-26T06:31:17
/opt/airflow/dags/dag_insert_users.py                              0           1  0.11s           2025-11-26T06:31:19
================================================================================
[2025-11-26T06:32:11.144+0000] {manager.py:878} INFO - 
================================================================================
DAG File Processing Stats

File Path                                 PID    Runtime      # DAGs    # Errors  Last Runtime    Last Run
----------------------------------------  -----  ---------  --------  ----------  --------------  -------------------
/opt/airflow/dags/dag_insert_products.py                           0           1  0.11s           2025-11-26T06:31:48
/opt/airflow/dags/dag_insert_users.py                              0           1  0.11s           2025-11-26T06:31:50
================================================================================
[2025-11-26T06:32:40.549+0000] {manager.py:878} INFO - 
================================================================================
DAG File Processing Stats

File Path                                 PID    Runtime      # DAGs    # Errors  Last Runtime    Last Run
----------------------------------------  -----  ---------  --------  ----------  --------------  -------------------
/opt/airflow/dags/dag_insert_users.py                              0           1  0.21s           2025-11-26T06:32:20
/opt/airflow/dags/dag_insert_products.py                           0           1  0.21s           2025-11-26T06:32:18
================================================================================
[2025-11-26T06:33:09.937+0000] {manager.py:878} INFO - 
================================================================================
DAG File Processing Stats

File Path                                 PID    Runtime      # DAGs    # Errors  Last Runtime    Last Run
----------------------------------------  -----  ---------  --------  ----------  --------------  -------------------
/opt/airflow/dags/dag_insert_products.py                           0           1  0.31s           2025-11-26T06:32:49
/opt/airflow/dags/dag_insert_users.py                              0           1  0.11s           2025-11-26T06:32:51
================================================================================
[2025-11-26T06:33:12.015+0000] {manager.py:737} INFO - Searching for files in /opt/airflow/dags
[2025-11-26T06:33:12.066+0000] {manager.py:740} INFO - There are 2 files in /opt/airflow/dags
[2025-11-26T06:33:39.183+0000] {manager.py:878} INFO - 
================================================================================
DAG File Processing Stats

File Path                                 PID    Runtime      # DAGs    # Errors  Last Runtime    Last Run
----------------------------------------  -----  ---------  --------  ----------  --------------  -------------------
/opt/airflow/dags/dag_insert_products.py                           0           1  0.11s           2025-11-26T06:33:19
/opt/airflow/dags/dag_insert_users.py                              0           1  0.11s           2025-11-26T06:33:22
================================================================================
[2025-11-26T06:34:08.657+0000] {manager.py:878} INFO - 
================================================================================
DAG File Processing Stats

File Path                                 PID    Runtime      # DAGs    # Errors  Last Runtime    Last Run
----------------------------------------  -----  ---------  --------  ----------  --------------  -------------------
/opt/airflow/dags/dag_insert_products.py                           0           1  0.42s           2025-11-26T06:33:50
/opt/airflow/dags/dag_insert_users.py                              0           1  0.41s           2025-11-26T06:33:53
================================================================================
[2025-11-26T06:34:37.949+0000] {manager.py:878} INFO - 
================================================================================
DAG File Processing Stats

File Path                                 PID    Runtime      # DAGs    # Errors  Last Runtime    Last Run
----------------------------------------  -----  ---------  --------  ----------  --------------  -------------------
/opt/airflow/dags/dag_insert_products.py                           0           1  0.22s           2025-11-26T06:34:21
/opt/airflow/dags/dag_insert_users.py                              0           1  0.12s           2025-11-26T06:34:23
================================================================================
[2025-11-26T06:35:07.239+0000] {manager.py:878} INFO - 
================================================================================
DAG File Processing Stats

File Path                                 PID    Runtime      # DAGs    # Errors  Last Runtime    Last Run
----------------------------------------  -----  ---------  --------  ----------  --------------  -------------------
/opt/airflow/dags/dag_insert_users.py                              0           1  0.25s           2025-11-26T06:34:54
/opt/airflow/dags/dag_insert_products.py                           0           1  0.21s           2025-11-26T06:34:51
================================================================================
[2025-11-26T06:35:36.716+0000] {manager.py:878} INFO - 
================================================================================
DAG File Processing Stats

File Path                                 PID    Runtime      # DAGs    # Errors  Last Runtime    Last Run
----------------------------------------  -----  ---------  --------  ----------  --------------  -------------------
/opt/airflow/dags/dag_insert_users.py                              0           1  0.31s           2025-11-26T06:35:30
/opt/airflow/dags/dag_insert_products.py                           0           1  0.11s           2025-11-26T06:35:21
================================================================================
[2025-11-26T06:36:06.214+0000] {manager.py:878} INFO - 
================================================================================
DAG File Processing Stats

File Path                                 PID    Runtime      # DAGs    # Errors  Last Runtime    Last Run
----------------------------------------  -----  ---------  --------  ----------  --------------  -------------------
/opt/airflow/dags/dag_insert_products.py                           0           1  0.41s           2025-11-26T06:35:53
/opt/airflow/dags/dag_insert_users.py                              0           1  0.31s           2025-11-26T06:36:01
================================================================================
[2025-11-26T06:36:35.705+0000] {manager.py:878} INFO - 
================================================================================
DAG File Processing Stats

File Path                                 PID    Runtime      # DAGs    # Errors  Last Runtime    Last Run
----------------------------------------  -----  ---------  --------  ----------  --------------  -------------------
/opt/airflow/dags/dag_insert_users.py                              0           1  0.44s           2025-11-26T06:36:31
/opt/airflow/dags/dag_insert_products.py                           0           1  0.41s           2025-11-26T06:36:24
================================================================================
[2025-11-26T06:37:05.265+0000] {manager.py:878} INFO - 
================================================================================
DAG File Processing Stats

File Path                                 PID    Runtime      # DAGs    # Errors  Last Runtime    Last Run
----------------------------------------  -----  ---------  --------  ----------  --------------  -------------------
/opt/airflow/dags/dag_insert_products.py                           0           1  0.11s           2025-11-26T06:36:54
/opt/airflow/dags/dag_insert_users.py                              0           1  0.11s           2025-11-26T06:37:02
================================================================================
[2025-11-26T06:37:34.835+0000] {manager.py:878} INFO - 
================================================================================
DAG File Processing Stats

File Path                                 PID    Runtime      # DAGs    # Errors  Last Runtime    Last Run
----------------------------------------  -----  ---------  --------  ----------  --------------  -------------------
/opt/airflow/dags/dag_insert_products.py                           0           1  0.32s           2025-11-26T06:37:25
/opt/airflow/dags/dag_insert_users.py                              0           1  0.21s           2025-11-26T06:37:32
================================================================================
[2025-11-26T06:38:04.336+0000] {manager.py:878} INFO - 
================================================================================
DAG File Processing Stats

File Path                                 PID    Runtime      # DAGs    # Errors  Last Runtime    Last Run
----------------------------------------  -----  ---------  --------  ----------  --------------  -------------------
/opt/airflow/dags/dag_insert_products.py                           0           1  0.11s           2025-11-26T06:37:56
/opt/airflow/dags/dag_insert_users.py                              0           1  0.11s           2025-11-26T06:38:03
================================================================================
[2025-11-26T06:38:12.413+0000] {manager.py:737} INFO - Searching for files in /opt/airflow/dags
[2025-11-26T06:38:12.456+0000] {manager.py:740} INFO - There are 2 files in /opt/airflow/dags
[2025-11-26T06:38:33.805+0000] {manager.py:878} INFO - 
================================================================================
DAG File Processing Stats

File Path                                 PID    Runtime      # DAGs    # Errors  Last Runtime    Last Run
----------------------------------------  -----  ---------  --------  ----------  --------------  -------------------
/opt/airflow/dags/dag_insert_users.py                              0           1  0.11s           2025-11-26T06:38:33
/opt/airflow/dags/dag_insert_products.py                           0           1  0.11s           2025-11-26T06:38:26
================================================================================
[2025-11-26T06:39:03.147+0000] {manager.py:878} INFO - 
================================================================================
DAG File Processing Stats

File Path                                 PID    Runtime      # DAGs    # Errors  Last Runtime    Last Run
----------------------------------------  -----  ---------  --------  ----------  --------------  -------------------
/opt/airflow/dags/dag_insert_products.py                           0           1  0.21s           2025-11-26T06:38:57
/opt/airflow/dags/dag_insert_users.py                              0           1  0.11s           2025-11-26T06:38:33
================================================================================
[2025-11-26T06:39:32.596+0000] {manager.py:878} INFO - 
================================================================================
DAG File Processing Stats

File Path                                 PID    Runtime      # DAGs    # Errors  Last Runtime    Last Run
----------------------------------------  -----  ---------  --------  ----------  --------------  -------------------
/opt/airflow/dags/dag_insert_users.py                              0           1  0.11s           2025-11-26T06:39:03
/opt/airflow/dags/dag_insert_products.py                           0           1  0.11s           2025-11-26T06:39:27
================================================================================
[2025-11-26T06:40:02.056+0000] {manager.py:878} INFO - 
================================================================================
DAG File Processing Stats

File Path                                 PID    Runtime      # DAGs    # Errors  Last Runtime    Last Run
----------------------------------------  -----  ---------  --------  ----------  --------------  -------------------
/opt/airflow/dags/dag_insert_users.py                              0           1  0.11s           2025-11-26T06:39:34
/opt/airflow/dags/dag_insert_products.py                           0           1  0.11s           2025-11-26T06:39:58
================================================================================
[2025-11-26T06:40:31.580+0000] {manager.py:878} INFO - 
================================================================================
DAG File Processing Stats

File Path                                 PID    Runtime      # DAGs    # Errors  Last Runtime    Last Run
----------------------------------------  -----  ---------  --------  ----------  --------------  -------------------
/opt/airflow/dags/dag_insert_products.py                           0           1  0.11s           2025-11-26T06:40:28
/opt/airflow/dags/dag_insert_users.py                              0           1  0.11s           2025-11-26T06:40:05
================================================================================
[2025-11-26T06:41:01.042+0000] {manager.py:878} INFO - 
================================================================================
DAG File Processing Stats

File Path                                 PID    Runtime      # DAGs    # Errors  Last Runtime    Last Run
----------------------------------------  -----  ---------  --------  ----------  --------------  -------------------
/opt/airflow/dags/dag_insert_users.py                              0           1  0.11s           2025-11-26T06:40:35
/opt/airflow/dags/dag_insert_products.py                           0           1  0.11s           2025-11-26T06:40:58
================================================================================
[2025-11-26T06:41:30.377+0000] {manager.py:878} INFO - 
================================================================================
DAG File Processing Stats

File Path                                 PID    Runtime      # DAGs    # Errors  Last Runtime    Last Run
----------------------------------------  -----  ---------  --------  ----------  --------------  -------------------
/opt/airflow/dags/dag_insert_products.py                           0           1  0.31s           2025-11-26T06:41:29
/opt/airflow/dags/dag_insert_users.py                              0           1  0.21s           2025-11-26T06:41:06
================================================================================
[2025-11-26T06:41:59.811+0000] {manager.py:878} INFO - 
================================================================================
DAG File Processing Stats

File Path                                 PID    Runtime      # DAGs    # Errors  Last Runtime    Last Run
----------------------------------------  -----  ---------  --------  ----------  --------------  -------------------
/opt/airflow/dags/dag_insert_users.py                              0           1  0.31s           2025-11-26T06:41:36
/opt/airflow/dags/dag_insert_products.py                           0           1  0.11s           2025-11-26T06:41:59
================================================================================
[2025-11-26T06:42:28.952+0000] {manager.py:878} INFO - 
================================================================================
DAG File Processing Stats

File Path                                 PID    Runtime      # DAGs    # Errors  Last Runtime    Last Run
----------------------------------------  -----  ---------  --------  ----------  --------------  -------------------
/opt/airflow/dags/dag_insert_products.py                           0           1  0.11s           2025-11-26T06:41:59
/opt/airflow/dags/dag_insert_users.py                              0           1  0.11s           2025-11-26T06:42:07
================================================================================
[2025-11-26T06:42:58.256+0000] {manager.py:878} INFO - 
================================================================================
DAG File Processing Stats

File Path                                 PID    Runtime      # DAGs    # Errors  Last Runtime    Last Run
----------------------------------------  -----  ---------  --------  ----------  --------------  -------------------
/opt/airflow/dags/dag_insert_users.py                              0           1  0.31s           2025-11-26T06:42:38
/opt/airflow/dags/dag_insert_products.py                           0           1  0.12s           2025-11-26T06:42:30
================================================================================
[2025-11-26T06:43:12.681+0000] {manager.py:737} INFO - Searching for files in /opt/airflow/dags
[2025-11-26T06:43:12.758+0000] {manager.py:740} INFO - There are 2 files in /opt/airflow/dags
[2025-11-26T06:43:27.389+0000] {manager.py:878} INFO - 
================================================================================
DAG File Processing Stats

File Path                                 PID    Runtime      # DAGs    # Errors  Last Runtime    Last Run
----------------------------------------  -----  ---------  --------  ----------  --------------  -------------------
/opt/airflow/dags/dag_insert_products.py                           0           1  0.12s           2025-11-26T06:43:00
/opt/airflow/dags/dag_insert_users.py                              0           1  0.11s           2025-11-26T06:43:09
================================================================================
[2025-11-26T06:43:56.674+0000] {manager.py:878} INFO - 
================================================================================
DAG File Processing Stats

File Path                                 PID    Runtime      # DAGs    # Errors  Last Runtime    Last Run
----------------------------------------  -----  ---------  --------  ----------  --------------  -------------------
/opt/airflow/dags/dag_insert_users.py                              0           1  0.11s           2025-11-26T06:43:39
/opt/airflow/dags/dag_insert_products.py                           0           1  0.11s           2025-11-26T06:43:30
================================================================================
[2025-11-26T06:44:25.914+0000] {manager.py:878} INFO - 
================================================================================
DAG File Processing Stats

File Path                                 PID    Runtime      # DAGs    # Errors  Last Runtime    Last Run
----------------------------------------  -----  ---------  --------  ----------  --------------  -------------------
/opt/airflow/dags/dag_insert_users.py                              1           0  0.41s           2025-11-26T06:44:18
/opt/airflow/dags/dag_insert_products.py                           0           1  0.11s           2025-11-26T06:44:01
================================================================================
[2025-11-26T06:46:19.325+0000] {manager.py:470} INFO - Processing files using up to 1 processes at a time 
[2025-11-26T06:46:19.327+0000] {manager.py:471} INFO - Process each file at most once every 30 seconds
[2025-11-26T06:46:19.329+0000] {manager.py:472} INFO - Checking for new files in /opt/airflow/dags every 300 seconds
[2025-11-26T06:46:19.331+0000] {manager.py:737} INFO - Searching for files in /opt/airflow/dags
[2025-11-26T06:46:19.380+0000] {manager.py:740} INFO - There are 2 files in /opt/airflow/dags
[2025-11-26T06:46:20.139+0000] {manager.py:878} INFO - 
================================================================================
DAG File Processing Stats

File Path                                 PID    Runtime      # DAGs    # Errors  Last Runtime    Last Run
----------------------------------------  -----  ---------  --------  ----------  --------------  -------------------
/opt/airflow/dags/dag_insert_products.py                           1           0  0.62s           2025-11-26T06:46:20
/opt/airflow/dags/dag_insert_users.py                              0           0
================================================================================
[2025-11-26T06:46:49.065+0000] {manager.py:878} INFO - 
================================================================================
DAG File Processing Stats

File Path                                 PID    Runtime      # DAGs    # Errors  Last Runtime    Last Run
----------------------------------------  -----  ---------  --------  ----------  --------------  -------------------
/opt/airflow/dags/dag_insert_products.py                           1           0  0.62s           2025-11-26T06:46:20
/opt/airflow/dags/dag_insert_users.py                              1           0  0.61s           2025-11-26T06:46:21
================================================================================
[2025-11-26T06:47:19.053+0000] {manager.py:878} INFO - 
================================================================================
DAG File Processing Stats

File Path                                 PID    Runtime      # DAGs    # Errors  Last Runtime    Last Run
----------------------------------------  -----  ---------  --------  ----------  --------------  -------------------
/opt/airflow/dags/dag_insert_products.py                           1           0  1.14s           2025-11-26T06:46:52
/opt/airflow/dags/dag_insert_users.py                              1           0  0.62s           2025-11-26T06:46:53
================================================================================
[2025-11-26T06:47:48.693+0000] {manager.py:878} INFO - 
================================================================================
DAG File Processing Stats

File Path                                 PID    Runtime      # DAGs    # Errors  Last Runtime    Last Run
----------------------------------------  -----  ---------  --------  ----------  --------------  -------------------
/opt/airflow/dags/dag_insert_users.py                              1           0  0.42s           2025-11-26T06:47:24
/opt/airflow/dags/dag_insert_products.py                           1           0  0.31s           2025-11-26T06:47:23
================================================================================
[2025-11-26T06:48:18.066+0000] {manager.py:878} INFO - 
================================================================================
DAG File Processing Stats

File Path                                 PID    Runtime      # DAGs    # Errors  Last Runtime    Last Run
----------------------------------------  -----  ---------  --------  ----------  --------------  -------------------
/opt/airflow/dags/dag_insert_users.py                              1           0  0.62s           2025-11-26T06:47:55
/opt/airflow/dags/dag_insert_products.py                           1           0  0.42s           2025-11-26T06:47:54
================================================================================
[2025-11-26T06:48:47.538+0000] {manager.py:878} INFO - 
================================================================================
DAG File Processing Stats

File Path                                 PID    Runtime      # DAGs    # Errors  Last Runtime    Last Run
----------------------------------------  -----  ---------  --------  ----------  --------------  -------------------
/opt/airflow/dags/dag_insert_users.py                              1           0  0.42s           2025-11-26T06:48:27
/opt/airflow/dags/dag_insert_products.py                           1           0  0.31s           2025-11-26T06:48:25
================================================================================
[2025-11-26T06:49:17.102+0000] {manager.py:878} INFO - 
================================================================================
DAG File Processing Stats

File Path                                 PID    Runtime      # DAGs    # Errors  Last Runtime    Last Run
----------------------------------------  -----  ---------  --------  ----------  --------------  -------------------
/opt/airflow/dags/dag_insert_products.py                           1           0  0.82s           2025-11-26T06:48:56
/opt/airflow/dags/dag_insert_users.py                              1           0  0.61s           2025-11-26T06:48:58
================================================================================
[2025-11-26T06:49:46.437+0000] {manager.py:878} INFO - 
================================================================================
DAG File Processing Stats

File Path                                 PID    Runtime      # DAGs    # Errors  Last Runtime    Last Run
----------------------------------------  -----  ---------  --------  ----------  --------------  -------------------
/opt/airflow/dags/dag_insert_users.py                              1           0  0.41s           2025-11-26T06:49:29
/opt/airflow/dags/dag_insert_products.py                           1           0  0.31s           2025-11-26T06:49:27
================================================================================
[2025-11-26T06:50:15.826+0000] {manager.py:878} INFO - 
================================================================================
DAG File Processing Stats

File Path                                 PID    Runtime      # DAGs    # Errors  Last Runtime    Last Run
----------------------------------------  -----  ---------  --------  ----------  --------------  -------------------
/opt/airflow/dags/dag_insert_users.py                              1           0  0.72s           2025-11-26T06:49:59
/opt/airflow/dags/dag_insert_products.py                           1           0  0.22s           2025-11-26T06:49:57
================================================================================
[2025-11-26T06:50:45.618+0000] {manager.py:878} INFO - 
================================================================================
DAG File Processing Stats

File Path                                 PID    Runtime      # DAGs    # Errors  Last Runtime    Last Run
----------------------------------------  -----  ---------  --------  ----------  --------------  -------------------
/opt/airflow/dags/dag_insert_users.py                              1           0  0.41s           2025-11-26T06:50:30
/opt/airflow/dags/dag_insert_products.py                           1           0  0.31s           2025-11-26T06:50:28
================================================================================
[2025-11-26T06:51:14.983+0000] {manager.py:878} INFO - 
================================================================================
DAG File Processing Stats

File Path                                 PID    Runtime      # DAGs    # Errors  Last Runtime    Last Run
----------------------------------------  -----  ---------  --------  ----------  --------------  -------------------
/opt/airflow/dags/dag_insert_users.py                              1           0  0.41s           2025-11-26T06:51:01
/opt/airflow/dags/dag_insert_products.py                           1           0  0.21s           2025-11-26T06:50:59
================================================================================
[2025-11-26T06:51:20.012+0000] {manager.py:737} INFO - Searching for files in /opt/airflow/dags
[2025-11-26T06:51:20.059+0000] {manager.py:740} INFO - There are 2 files in /opt/airflow/dags
[2025-11-26T06:53:01.116+0000] {manager.py:470} INFO - Processing files using up to 1 processes at a time 
[2025-11-26T06:53:01.118+0000] {manager.py:471} INFO - Process each file at most once every 30 seconds
[2025-11-26T06:53:01.119+0000] {manager.py:472} INFO - Checking for new files in /opt/airflow/dags every 300 seconds
[2025-11-26T06:53:01.121+0000] {manager.py:737} INFO - Searching for files in /opt/airflow/dags
[2025-11-26T06:53:01.165+0000] {manager.py:740} INFO - There are 2 files in /opt/airflow/dags
[2025-11-26T06:53:01.820+0000] {manager.py:878} INFO - 
================================================================================
DAG File Processing Stats

File Path                                 PID    Runtime      # DAGs    # Errors  Last Runtime    Last Run
----------------------------------------  -----  ---------  --------  ----------  --------------  -------------------
/opt/airflow/dags/dag_insert_products.py                           1           0  0.52s           2025-11-26T06:53:01
/opt/airflow/dags/dag_insert_users.py                              0           0
================================================================================
[2025-11-26T06:55:03.321+0000] {manager.py:470} INFO - Processing files using up to 1 processes at a time 
[2025-11-26T06:55:03.324+0000] {manager.py:471} INFO - Process each file at most once every 30 seconds
[2025-11-26T06:55:03.326+0000] {manager.py:472} INFO - Checking for new files in /opt/airflow/dags every 300 seconds
[2025-11-26T06:55:03.328+0000] {manager.py:737} INFO - Searching for files in /opt/airflow/dags
[2025-11-26T06:55:03.388+0000] {manager.py:740} INFO - There are 2 files in /opt/airflow/dags
[2025-11-26T06:55:04.451+0000] {manager.py:878} INFO - 
================================================================================
DAG File Processing Stats

File Path                                 PID    Runtime      # DAGs    # Errors  Last Runtime    Last Run
----------------------------------------  -----  ---------  --------  ----------  --------------  -------------------
/opt/airflow/dags/dag_insert_products.py                           1           0  0.86s           2025-11-26T06:55:04
/opt/airflow/dags/dag_insert_users.py                              0           0
================================================================================
[2025-11-26T06:55:33.594+0000] {manager.py:878} INFO - 
================================================================================
DAG File Processing Stats

File Path                                 PID    Runtime      # DAGs    # Errors  Last Runtime    Last Run
----------------------------------------  -----  ---------  --------  ----------  --------------  -------------------
/opt/airflow/dags/dag_insert_products.py                           1           0  0.86s           2025-11-26T06:55:04
/opt/airflow/dags/dag_insert_users.py                              1           0  0.83s           2025-11-26T06:55:06
================================================================================
[2025-11-26T06:56:02.980+0000] {manager.py:878} INFO - 
================================================================================
DAG File Processing Stats

File Path                                 PID    Runtime      # DAGs    # Errors  Last Runtime    Last Run
----------------------------------------  -----  ---------  --------  ----------  --------------  -------------------
/opt/airflow/dags/dag_insert_products.py                           1           0  0.84s           2025-11-26T06:55:35
/opt/airflow/dags/dag_insert_users.py                              1           0  0.72s           2025-11-26T06:55:37
================================================================================
[2025-11-26T06:56:32.336+0000] {manager.py:878} INFO - 
================================================================================
DAG File Processing Stats

File Path                                 PID    Runtime      # DAGs    # Errors  Last Runtime    Last Run
----------------------------------------  -----  ---------  --------  ----------  --------------  -------------------
/opt/airflow/dags/dag_insert_users.py                              1           0  0.61s           2025-11-26T06:56:08
/opt/airflow/dags/dag_insert_products.py                           1           0  0.31s           2025-11-26T06:56:06
================================================================================
[2025-11-26T06:57:01.700+0000] {manager.py:878} INFO - 
================================================================================
DAG File Processing Stats

File Path                                 PID    Runtime      # DAGs    # Errors  Last Runtime    Last Run
----------------------------------------  -----  ---------  --------  ----------  --------------  -------------------
/opt/airflow/dags/dag_insert_users.py                              1           0  0.52s           2025-11-26T06:56:39
/opt/airflow/dags/dag_insert_products.py                           1           0  0.21s           2025-11-26T06:56:37
================================================================================
[2025-11-26T06:57:31.035+0000] {manager.py:878} INFO - 
================================================================================
DAG File Processing Stats

File Path                                 PID    Runtime      # DAGs    # Errors  Last Runtime    Last Run
----------------------------------------  -----  ---------  --------  ----------  --------------  -------------------
/opt/airflow/dags/dag_insert_users.py                              1           0  0.41s           2025-11-26T06:57:10
/opt/airflow/dags/dag_insert_products.py                           1           0  0.21s           2025-11-26T06:57:08
================================================================================
[2025-11-26T06:58:00.309+0000] {manager.py:878} INFO - 
================================================================================
DAG File Processing Stats

File Path                                 PID    Runtime      # DAGs    # Errors  Last Runtime    Last Run
----------------------------------------  -----  ---------  --------  ----------  --------------  -------------------
/opt/airflow/dags/dag_insert_users.py                              1           0  0.51s           2025-11-26T06:57:41
/opt/airflow/dags/dag_insert_products.py                           1           0  0.21s           2025-11-26T06:57:38
================================================================================
[2025-11-26T06:58:29.664+0000] {manager.py:878} INFO - 
================================================================================
DAG File Processing Stats

File Path                                 PID    Runtime      # DAGs    # Errors  Last Runtime    Last Run
----------------------------------------  -----  ---------  --------  ----------  --------------  -------------------
/opt/airflow/dags/dag_insert_products.py                           1           0  0.33s           2025-11-26T06:58:08
/opt/airflow/dags/dag_insert_users.py                              1           0  0.32s           2025-11-26T06:58:12
================================================================================
[2025-11-26T06:58:59.218+0000] {manager.py:878} INFO - 
================================================================================
DAG File Processing Stats

File Path                                 PID    Runtime      # DAGs    # Errors  Last Runtime    Last Run
----------------------------------------  -----  ---------  --------  ----------  --------------  -------------------
/opt/airflow/dags/dag_insert_users.py                              1           0  0.62s           2025-11-26T06:58:43
/opt/airflow/dags/dag_insert_products.py                           1           0  0.41s           2025-11-26T06:58:40
================================================================================
[2025-11-26T06:59:28.453+0000] {manager.py:878} INFO - 
================================================================================
DAG File Processing Stats

File Path                                 PID    Runtime      # DAGs    # Errors  Last Runtime    Last Run
----------------------------------------  -----  ---------  --------  ----------  --------------  -------------------
/opt/airflow/dags/dag_insert_users.py                              1           0  0.42s           2025-11-26T06:59:14
/opt/airflow/dags/dag_insert_products.py                           1           0  0.21s           2025-11-26T06:59:10
================================================================================
[2025-11-26T06:59:57.760+0000] {manager.py:878} INFO - 
================================================================================
DAG File Processing Stats

File Path                                 PID    Runtime      # DAGs    # Errors  Last Runtime    Last Run
----------------------------------------  -----  ---------  --------  ----------  --------------  -------------------
/opt/airflow/dags/dag_insert_users.py                              1           0  0.31s           2025-11-26T06:59:46
/opt/airflow/dags/dag_insert_products.py                           1           0  0.21s           2025-11-26T06:59:41
================================================================================
[2025-11-26T07:00:03.875+0000] {manager.py:737} INFO - Searching for files in /opt/airflow/dags
[2025-11-26T07:00:03.916+0000] {manager.py:740} INFO - There are 2 files in /opt/airflow/dags
[2025-11-26T07:00:27.326+0000] {manager.py:878} INFO - 
================================================================================
DAG File Processing Stats

File Path                                 PID    Runtime      # DAGs    # Errors  Last Runtime    Last Run
----------------------------------------  -----  ---------  --------  ----------  --------------  -------------------
/opt/airflow/dags/dag_insert_users.py                              1           0  0.41s           2025-11-26T07:00:17
/opt/airflow/dags/dag_insert_products.py                           1           0  0.21s           2025-11-26T07:00:12
================================================================================
[2025-11-26T07:00:56.674+0000] {manager.py:878} INFO - 
================================================================================
DAG File Processing Stats

File Path                                 PID    Runtime      # DAGs    # Errors  Last Runtime    Last Run
----------------------------------------  -----  ---------  --------  ----------  --------------  -------------------
/opt/airflow/dags/dag_insert_users.py                              1           0  0.32s           2025-11-26T07:00:47
/opt/airflow/dags/dag_insert_products.py                           1           0  0.21s           2025-11-26T07:00:42
================================================================================
[2025-11-26T07:01:25.934+0000] {manager.py:878} INFO - 
================================================================================
DAG File Processing Stats

File Path                                 PID    Runtime      # DAGs    # Errors  Last Runtime    Last Run
----------------------------------------  -----  ---------  --------  ----------  --------------  -------------------
/opt/airflow/dags/dag_insert_users.py                              1           0  0.42s           2025-11-26T07:01:18
/opt/airflow/dags/dag_insert_products.py                           1           0  0.21s           2025-11-26T07:01:13
================================================================================
[2025-11-26T07:01:55.658+0000] {manager.py:878} INFO - 
================================================================================
DAG File Processing Stats

File Path                                 PID    Runtime      # DAGs    # Errors  Last Runtime    Last Run
----------------------------------------  -----  ---------  --------  ----------  --------------  -------------------
/opt/airflow/dags/dag_insert_users.py                              1           0  0.42s           2025-11-26T07:01:49
/opt/airflow/dags/dag_insert_products.py                           1           0  -0.19s          2025-11-26T07:01:43
================================================================================
[2025-11-26T07:02:24.999+0000] {manager.py:878} INFO - 
================================================================================
DAG File Processing Stats

File Path                                 PID    Runtime      # DAGs    # Errors  Last Runtime    Last Run
----------------------------------------  -----  ---------  --------  ----------  --------------  -------------------
/opt/airflow/dags/dag_insert_users.py                              1           0  0.31s           2025-11-26T07:02:20
/opt/airflow/dags/dag_insert_products.py                           1           0  0.21s           2025-11-26T07:02:15
================================================================================
[2025-11-26T07:02:54.291+0000] {manager.py:878} INFO - 
================================================================================
DAG File Processing Stats

File Path                                 PID    Runtime      # DAGs    # Errors  Last Runtime    Last Run
----------------------------------------  -----  ---------  --------  ----------  --------------  -------------------
/opt/airflow/dags/dag_insert_users.py                              1           0  0.41s           2025-11-26T07:02:50
/opt/airflow/dags/dag_insert_products.py                           1           0  0.20s           2025-11-26T07:02:45
================================================================================
[2025-11-26T07:03:23.636+0000] {manager.py:878} INFO - 
================================================================================
DAG File Processing Stats

File Path                                 PID    Runtime      # DAGs    # Errors  Last Runtime    Last Run
----------------------------------------  -----  ---------  --------  ----------  --------------  -------------------
/opt/airflow/dags/dag_insert_products.py                           1           0  0.84s           2025-11-26T07:03:16
/opt/airflow/dags/dag_insert_users.py                              1           0  0.31s           2025-11-26T07:03:21
================================================================================
[2025-11-26T07:03:53.548+0000] {manager.py:878} INFO - 
================================================================================
DAG File Processing Stats

File Path                                 PID    Runtime      # DAGs    # Errors  Last Runtime    Last Run
----------------------------------------  -----  ---------  --------  ----------  --------------  -------------------
/opt/airflow/dags/dag_insert_users.py                              1           0  0.51s           2025-11-26T07:03:52
/opt/airflow/dags/dag_insert_products.py                           1           0  0.21s           2025-11-26T07:03:46
================================================================================
[2025-11-26T07:04:23.146+0000] {manager.py:878} INFO - 
================================================================================
DAG File Processing Stats

File Path                                 PID    Runtime      # DAGs    # Errors  Last Runtime    Last Run
----------------------------------------  -----  ---------  --------  ----------  --------------  -------------------
/opt/airflow/dags/dag_insert_products.py                           1           0  0.71s           2025-11-26T07:04:18
/opt/airflow/dags/dag_insert_users.py                              1           0  0.31s           2025-11-26T07:04:23
================================================================================
[2025-11-26T07:04:53.600+0000] {manager.py:878} INFO - 
================================================================================
DAG File Processing Stats

File Path                                 PID    Runtime      # DAGs    # Errors  Last Runtime    Last Run
----------------------------------------  -----  ---------  --------  ----------  --------------  -------------------
/opt/airflow/dags/dag_insert_users.py                              1           0  0.41s           2025-11-26T07:04:53
/opt/airflow/dags/dag_insert_products.py                           1           0  0.32s           2025-11-26T07:04:48
================================================================================
[2025-11-26T07:05:04.317+0000] {manager.py:737} INFO - Searching for files in /opt/airflow/dags
[2025-11-26T07:05:04.345+0000] {manager.py:740} INFO - There are 2 files in /opt/airflow/dags
[2025-11-26T07:05:23.267+0000] {manager.py:878} INFO - 
================================================================================
DAG File Processing Stats

File Path                                 PID    Runtime      # DAGs    # Errors  Last Runtime    Last Run
----------------------------------------  -----  ---------  --------  ----------  --------------  -------------------
/opt/airflow/dags/dag_insert_users.py                              1           0  0.41s           2025-11-26T07:04:53
/opt/airflow/dags/dag_insert_products.py                           1           0  0.31s           2025-11-26T07:05:21
================================================================================
[2025-11-26T07:05:52.515+0000] {manager.py:878} INFO - 
================================================================================
DAG File Processing Stats

File Path                                 PID    Runtime      # DAGs    # Errors  Last Runtime    Last Run
----------------------------------------  -----  ---------  --------  ----------  --------------  -------------------
/opt/airflow/dags/dag_insert_products.py                           1           0  0.31s           2025-11-26T07:05:52
/opt/airflow/dags/dag_insert_users.py                              1           0  0.31s           2025-11-26T07:05:24
================================================================================
[2025-11-26T07:06:22.085+0000] {manager.py:878} INFO - 
================================================================================
DAG File Processing Stats

File Path                                 PID    Runtime      # DAGs    # Errors  Last Runtime    Last Run
----------------------------------------  -----  ---------  --------  ----------  --------------  -------------------
/opt/airflow/dags/dag_insert_users.py                              1           0  0.52s           2025-11-26T07:05:59
/opt/airflow/dags/dag_insert_products.py                           1           0  0.31s           2025-11-26T07:05:52
================================================================================
